Training on day 120 (of 120): 100%|██████████| 120/120 [01:06<00:00,  1.82it/s, day_loss=4.49e-5, epoch=0, epoch_loss=0.0683] 
Training on day 120 (of 120): 100%|██████████| 120/120 [00:56<00:00,  2.13it/s, day_loss=1.05e-5, epoch=1, epoch_loss=0.0345] 
Training on day 120 (of 120): 100%|██████████| 120/120 [00:55<00:00,  2.17it/s, day_loss=1.79e-5, epoch=2, epoch_loss=0.0256] 
Training on day 120 (of 120): 100%|██████████| 120/120 [00:56<00:00,  2.11it/s, day_loss=1.4e-5, epoch=3, epoch_loss=0.0229]  
Training on day 120 (of 120): 100%|██████████| 120/120 [00:55<00:00,  2.16it/s, day_loss=7.14e-6, epoch=4, epoch_loss=0.0178] 
Training on day 120 (of 120): 100%|██████████| 120/120 [00:59<00:00,  2.00it/s, day_loss=1.07e-5, epoch=5, epoch_loss=0.0156] 
Training on day 120 (of 120): 100%|██████████| 120/120 [01:00<00:00,  2.00it/s, day_loss=2.65e-6, epoch=6, epoch_loss=0.0163] 
Training on day 120 (of 120): 100%|██████████| 120/120 [01:03<00:00,  1.90it/s, day_loss=7.4e-6, epoch=7, epoch_loss=0.0136]  
Training on day 120 (of 120): 100%|██████████| 120/120 [00:57<00:00,  2.10it/s, day_loss=6.15e-6, epoch=8, epoch_loss=0.0128]
Training on day 120 (of 120): 100%|██████████| 120/120 [00:55<00:00,  2.15it/s, day_loss=1.38e-5, epoch=9, epoch_loss=0.0121]
Training on day 120 (of 120): 100%|██████████| 120/120 [00:53<00:00,  2.26it/s, day_loss=4.93e-5, epoch=10, epoch_loss=0.0109]
Training on day 120 (of 120): 100%|██████████| 120/120 [00:54<00:00,  2.21it/s, day_loss=0.000128, epoch=11, epoch_loss=0.0112]
Training on day 120 (of 120): 100%|██████████| 120/120 [00:53<00:00,  2.25it/s, day_loss=8.62e-6, epoch=12, epoch_loss=0.00968]
Training on day 120 (of 120): 100%|██████████| 120/120 [00:54<00:00,  2.18it/s, day_loss=8.78e-6, epoch=13, epoch_loss=0.00937]
Training on day 120 (of 120): 100%|██████████| 120/120 [01:02<00:00,  1.93it/s, day_loss=5.51e-6, epoch=14, epoch_loss=0.00973]
Training on day 120 (of 120): 100%|██████████| 120/120 [00:56<00:00,  2.14it/s, day_loss=7.61e-6, epoch=15, epoch_loss=0.00887]
Training on day 120 (of 120): 100%|██████████| 120/120 [00:56<00:00,  2.14it/s, day_loss=9.47e-6, epoch=16, epoch_loss=0.0089] 
Training on day 120 (of 120): 100%|██████████| 120/120 [00:57<00:00,  2.08it/s, day_loss=2.31e-6, epoch=17, epoch_loss=0.00882]
Training on day 120 (of 120): 100%|██████████| 120/120 [01:00<00:00,  1.99it/s, day_loss=2.52e-6, epoch=18, epoch_loss=0.00789]
Training on day 120 (of 120): 100%|██████████| 120/120 [00:58<00:00,  2.06it/s, day_loss=4.89e-6, epoch=19, epoch_loss=0.00737] 
Training on day 120 (of 120): 100%|██████████| 120/120 [00:57<00:00,  2.08it/s, day_loss=6.82e-6, epoch=20, epoch_loss=0.00602]
Training on day 120 (of 120): 100%|██████████| 120/120 [00:55<00:00,  2.18it/s, day_loss=3.56e-6, epoch=21, epoch_loss=0.00623]
Training on day 120 (of 120): 100%|██████████| 120/120 [00:56<00:00,  2.11it/s, day_loss=1.56e-5, epoch=22, epoch_loss=0.0065] 
Training on day 120 (of 120): 100%|██████████| 120/120 [00:56<00:00,  2.12it/s, day_loss=6.47e-6, epoch=23, epoch_loss=0.00676] 
Training on day 120 (of 120): 100%|██████████| 120/120 [00:54<00:00,  2.19it/s, day_loss=6.29e-6, epoch=24, epoch_loss=0.00729]
Training on day 120 (of 120): 100%|██████████| 120/120 [00:57<00:00,  2.08it/s, day_loss=1e-5, epoch=25, epoch_loss=0.00671]   
Training on day 120 (of 120): 100%|██████████| 120/120 [00:58<00:00,  2.05it/s, day_loss=4.2e-6, epoch=26, epoch_loss=0.00664] 
Training on day 120 (of 120): 100%|██████████| 120/120 [00:57<00:00,  2.09it/s, day_loss=6.94e-6, epoch=27, epoch_loss=0.00731]
Training on day 120 (of 120): 100%|██████████| 120/120 [00:53<00:00,  2.24it/s, day_loss=1.85e-6, epoch=28, epoch_loss=0.00619]
Training on day 120 (of 120): 100%|██████████| 120/120 [00:56<00:00,  2.12it/s, day_loss=7.16e-6, epoch=29, epoch_loss=0.00646]
Training on day 120 (of 120): 100%|██████████| 120/120 [00:55<00:00,  2.16it/s, day_loss=2.1e-5, epoch=30, epoch_loss=0.00609] 
Training on day 120 (of 120): 100%|██████████| 120/120 [01:02<00:00,  1.93it/s, day_loss=8.05e-6, epoch=31, epoch_loss=0.00565]
Training on day 120 (of 120): 100%|██████████| 120/120 [00:54<00:00,  2.20it/s, day_loss=1.03e-5, epoch=32, epoch_loss=0.00502]
Training on day 120 (of 120): 100%|██████████| 120/120 [00:53<00:00,  2.23it/s, day_loss=8.17e-6, epoch=33, epoch_loss=0.00495]
Training on day 120 (of 120): 100%|██████████| 120/120 [00:59<00:00,  2.01it/s, day_loss=5.09e-6, epoch=34, epoch_loss=0.00541]
Training on day 120 (of 120): 100%|██████████| 120/120 [00:58<00:00,  2.05it/s, day_loss=6.76e-6, epoch=35, epoch_loss=0.00526]
Training on day 120 (of 120): 100%|██████████| 120/120 [00:58<00:00,  2.05it/s, day_loss=3.59e-6, epoch=36, epoch_loss=0.00501]
Training on day 120 (of 120): 100%|██████████| 120/120 [00:56<00:00,  2.13it/s, day_loss=1.95e-6, epoch=37, epoch_loss=0.00529]
Training on day 120 (of 120): 100%|██████████| 120/120 [00:56<00:00,  2.11it/s, day_loss=4.52e-6, epoch=38, epoch_loss=0.00509]
Training on day 120 (of 120): 100%|██████████| 120/120 [00:56<00:00,  2.12it/s, day_loss=2.69e-6, epoch=39, epoch_loss=0.00531]
Training on day 120 (of 120): 100%|██████████| 120/120 [00:55<00:00,  2.18it/s, day_loss=2.46e-6, epoch=40, epoch_loss=0.00493]
Training on day 120 (of 120): 100%|██████████| 120/120 [00:54<00:00,  2.21it/s, day_loss=2.55e-6, epoch=41, epoch_loss=0.00472]
Training on day 120 (of 120): 100%|██████████| 120/120 [00:59<00:00,  2.02it/s, day_loss=5.26e-6, epoch=42, epoch_loss=0.00458]
Training on day 120 (of 120): 100%|██████████| 120/120 [00:56<00:00,  2.14it/s, day_loss=3.01e-6, epoch=43, epoch_loss=0.00424]
Training on day 120 (of 120): 100%|██████████| 120/120 [01:00<00:00,  1.99it/s, day_loss=2.38e-6, epoch=44, epoch_loss=0.00403]
Training on day 120 (of 120): 100%|██████████| 120/120 [00:57<00:00,  2.07it/s, day_loss=1.03e-5, epoch=45, epoch_loss=0.00418]
Training on day 120 (of 120): 100%|██████████| 120/120 [00:56<00:00,  2.14it/s, day_loss=5.23e-6, epoch=46, epoch_loss=0.00463]
Training on day 120 (of 120): 100%|██████████| 120/120 [00:58<00:00,  2.04it/s, day_loss=5.27e-6, epoch=47, epoch_loss=0.00402]
Training on day 120 (of 120): 100%|██████████| 120/120 [00:55<00:00,  2.16it/s, day_loss=5.45e-6, epoch=48, epoch_loss=0.0043] 
Training on day 120 (of 120): 100%|██████████| 120/120 [00:58<00:00,  2.04it/s, day_loss=1.84e-6, epoch=49, epoch_loss=0.00403]
Training on day 120 (of 120): 100%|██████████| 120/120 [01:00<00:00,  1.99it/s, day_loss=2.24e-6, epoch=50, epoch_loss=0.00401]
Training on day 120 (of 120): 100%|██████████| 120/120 [00:54<00:00,  2.21it/s, day_loss=2.36e-6, epoch=51, epoch_loss=0.00403]
Training on day 120 (of 120): 100%|██████████| 120/120 [00:55<00:00,  2.17it/s, day_loss=2.88e-6, epoch=52, epoch_loss=0.0036] 
Training on day 120 (of 120): 100%|██████████| 120/120 [00:57<00:00,  2.08it/s, day_loss=1.64e-6, epoch=53, epoch_loss=0.00371]
Training on day 120 (of 120): 100%|██████████| 120/120 [00:58<00:00,  2.06it/s, day_loss=2.77e-6, epoch=54, epoch_loss=0.00374]
Training on day 120 (of 120): 100%|██████████| 120/120 [00:56<00:00,  2.14it/s, day_loss=1.85e-6, epoch=55, epoch_loss=0.00374]
Training on day 120 (of 120): 100%|██████████| 120/120 [00:56<00:00,  2.13it/s, day_loss=3.75e-6, epoch=56, epoch_loss=0.00398]
Training on day 120 (of 120): 100%|██████████| 120/120 [00:55<00:00,  2.17it/s, day_loss=1.72e-6, epoch=57, epoch_loss=0.00402]
Training on day 120 (of 120): 100%|██████████| 120/120 [00:54<00:00,  2.19it/s, day_loss=1.59e-6, epoch=58, epoch_loss=0.00384]
Training on day 120 (of 120): 100%|██████████| 120/120 [00:57<00:00,  2.10it/s, day_loss=4.01e-6, epoch=59, epoch_loss=0.00362]
Training on day 120 (of 120): 100%|██████████| 120/120 [00:56<00:00,  2.12it/s, day_loss=6.54e-6, epoch=60, epoch_loss=0.00354]
Training on day 120 (of 120): 100%|██████████| 120/120 [00:54<00:00,  2.21it/s, day_loss=6.62e-6, epoch=61, epoch_loss=0.00361]
Training on day 120 (of 120): 100%|██████████| 120/120 [00:54<00:00,  2.21it/s, day_loss=1.54e-6, epoch=62, epoch_loss=0.00355]
Training on day 120 (of 120): 100%|██████████| 120/120 [00:57<00:00,  2.07it/s, day_loss=8.85e-7, epoch=63, epoch_loss=0.00374]
Training on day 120 (of 120): 100%|██████████| 120/120 [00:56<00:00,  2.13it/s, day_loss=6.03e-6, epoch=64, epoch_loss=0.00393]
Training on day 120 (of 120): 100%|██████████| 120/120 [00:53<00:00,  2.23it/s, day_loss=1.76e-6, epoch=65, epoch_loss=0.00337]
Training on day 120 (of 120): 100%|██████████| 120/120 [00:52<00:00,  2.27it/s, day_loss=5.7e-5, epoch=66, epoch_loss=0.00361] 
Training on day 120 (of 120): 100%|██████████| 120/120 [00:56<00:00,  2.13it/s, day_loss=1.88e-6, epoch=67, epoch_loss=0.00376]
Training on day 120 (of 120): 100%|██████████| 120/120 [00:56<00:00,  2.11it/s, day_loss=1.73e-6, epoch=68, epoch_loss=0.00346]
Training on day 120 (of 120): 100%|██████████| 120/120 [00:57<00:00,  2.10it/s, day_loss=1.52e-6, epoch=69, epoch_loss=0.00343]
Training on day 120 (of 120): 100%|██████████| 120/120 [00:56<00:00,  2.13it/s, day_loss=3.83e-5, epoch=70, epoch_loss=0.00356]
Training on day 120 (of 120): 100%|██████████| 120/120 [00:57<00:00,  2.08it/s, day_loss=2.95e-6, epoch=71, epoch_loss=0.00335]
Training on day 120 (of 120): 100%|██████████| 120/120 [00:57<00:00,  2.08it/s, day_loss=1.08e-6, epoch=72, epoch_loss=0.00323]
Training on day 120 (of 120): 100%|██████████| 120/120 [00:55<00:00,  2.16it/s, day_loss=1.47e-6, epoch=73, epoch_loss=0.00313]
Training on day 120 (of 120): 100%|██████████| 120/120 [00:54<00:00,  2.20it/s, day_loss=2.79e-6, epoch=74, epoch_loss=0.00309]
Training on day 120 (of 120): 100%|██████████| 120/120 [00:57<00:00,  2.08it/s, day_loss=1.64e-5, epoch=75, epoch_loss=0.003]  
Training on day 120 (of 120): 100%|██████████| 120/120 [00:54<00:00,  2.20it/s, day_loss=1.85e-6, epoch=76, epoch_loss=0.00318]
Training on day 120 (of 120): 100%|██████████| 120/120 [00:54<00:00,  2.21it/s, day_loss=5.99e-6, epoch=77, epoch_loss=0.00304]
Training on day 120 (of 120): 100%|██████████| 120/120 [00:58<00:00,  2.06it/s, day_loss=1.12e-6, epoch=78, epoch_loss=0.00327]
Training on day 120 (of 120): 100%|██████████| 120/120 [00:57<00:00,  2.08it/s, day_loss=8.86e-6, epoch=79, epoch_loss=0.00304]
Training on day 120 (of 120): 100%|██████████| 120/120 [00:57<00:00,  2.10it/s, day_loss=2.53e-6, epoch=80, epoch_loss=0.00305]
Training on day 120 (of 120): 100%|██████████| 120/120 [00:56<00:00,  2.12it/s, day_loss=2.55e-6, epoch=81, epoch_loss=0.00284]
Training on day 120 (of 120): 100%|██████████| 120/120 [00:57<00:00,  2.09it/s, day_loss=3.64e-6, epoch=82, epoch_loss=0.00279]
Training on day 120 (of 120): 100%|██████████| 120/120 [00:57<00:00,  2.07it/s, day_loss=1.19e-6, epoch=83, epoch_loss=0.00294]
Training on day 120 (of 120): 100%|██████████| 120/120 [00:57<00:00,  2.08it/s, day_loss=1.78e-6, epoch=84, epoch_loss=0.00317]
Training on day 120 (of 120): 100%|██████████| 120/120 [00:54<00:00,  2.22it/s, day_loss=1.12e-5, epoch=85, epoch_loss=0.00355]
Training on day 120 (of 120): 100%|██████████| 120/120 [00:54<00:00,  2.21it/s, day_loss=4.32e-6, epoch=86, epoch_loss=0.00325]
Training on day 120 (of 120): 100%|██████████| 120/120 [00:58<00:00,  2.06it/s, day_loss=2.57e-6, epoch=87, epoch_loss=0.00315]
Training on day 120 (of 120): 100%|██████████| 120/120 [00:56<00:00,  2.12it/s, day_loss=5.52e-6, epoch=88, epoch_loss=0.00322]
Training on day 120 (of 120): 100%|██████████| 120/120 [00:56<00:00,  2.13it/s, day_loss=7.01e-6, epoch=89, epoch_loss=0.00342]
Training on day 120 (of 120): 100%|██████████| 120/120 [00:56<00:00,  2.12it/s, day_loss=1.97e-6, epoch=90, epoch_loss=0.00311]
Training on day 120 (of 120): 100%|██████████| 120/120 [00:56<00:00,  2.13it/s, day_loss=2.07e-5, epoch=91, epoch_loss=0.00303]
Training on day 120 (of 120): 100%|██████████| 120/120 [00:56<00:00,  2.14it/s, day_loss=5.69e-6, epoch=92, epoch_loss=0.00294]
Training on day 120 (of 120): 100%|██████████| 120/120 [00:59<00:00,  2.00it/s, day_loss=1.68e-6, epoch=93, epoch_loss=0.003]  
Training on day 120 (of 120): 100%|██████████| 120/120 [00:56<00:00,  2.13it/s, day_loss=2.57e-6, epoch=94, epoch_loss=0.00295]
Training on day 120 (of 120): 100%|██████████| 120/120 [00:55<00:00,  2.14it/s, day_loss=2.18e-6, epoch=95, epoch_loss=0.0029] 
Training on day 120 (of 120): 100%|██████████| 120/120 [00:54<00:00,  2.18it/s, day_loss=8.87e-6, epoch=96, epoch_loss=0.0029] 
Training on day 120 (of 120): 100%|██████████| 120/120 [00:56<00:00,  2.13it/s, day_loss=6.3e-6, epoch=97, epoch_loss=0.00301] 
Training on day 120 (of 120): 100%|██████████| 120/120 [00:57<00:00,  2.08it/s, day_loss=8.37e-6, epoch=98, epoch_loss=0.00306]
Training on day 120 (of 120): 100%|██████████| 120/120 [00:55<00:00,  2.16it/s, day_loss=1.51e-6, epoch=99, epoch_loss=0.00295]
Training on day 120 (of 120): 100%|██████████| 120/120 [00:56<00:00,  2.11it/s, day_loss=2.51e-5, epoch=100, epoch_loss=0.00297]
Training on day 120 (of 120): 100%|██████████| 120/120 [00:54<00:00,  2.19it/s, day_loss=1.25e-6, epoch=101, epoch_loss=0.00295]
Training on day 120 (of 120): 100%|██████████| 120/120 [00:51<00:00,  2.32it/s, day_loss=6.2e-6, epoch=102, epoch_loss=0.00307]
